Performing C SOURCE FILE Test CMAKE_HAVE_LIBC_PTHREAD failed with the following output:
Change Dir: /home/chengen/桌面/Real-Time-Systems/lab2/Sec4-4/cmake/build/CMakeFiles/CMakeTmp

Run Build Command(s):/usr/bin/make cmTC_f04b7/fast && /usr/bin/make -f CMakeFiles/cmTC_f04b7.dir/build.make CMakeFiles/cmTC_f04b7.dir/build
make[1]: Entering directory '/home/chengen/桌面/Real-Time-Systems/lab2/Sec4-4/cmake/build/CMakeFiles/CMakeTmp'
Building C object CMakeFiles/cmTC_f04b7.dir/src.c.o
/usr/bin/cc   -DCMAKE_HAVE_LIBC_PTHREAD   -o CMakeFiles/cmTC_f04b7.dir/src.c.o   -c /home/chengen/桌面/Real-Time-Systems/lab2/Sec4-4/cmake/build/CMakeFiles/CMakeTmp/src.c
Linking C executable cmTC_f04b7
/home/chengen/local/bin/cmake -E cmake_link_script CMakeFiles/cmTC_f04b7.dir/link.txt --verbose=1
/usr/bin/cc  -DCMAKE_HAVE_LIBC_PTHREAD    CMakeFiles/cmTC_f04b7.dir/src.c.o  -o cmTC_f04b7 
CMakeFiles/cmTC_f04b7.dir/src.c.o: 於函式 main:
src.c:(.text+0x3e): 未定義參考到 pthread_create
src.c:(.text+0x4a): 未定義參考到 pthread_detach
src.c:(.text+0x56): 未定義參考到 pthread_cancel
src.c:(.text+0x67): 未定義參考到 pthread_join
src.c:(.text+0x7b): 未定義參考到 pthread_atfork
collect2: error: ld returned 1 exit status
CMakeFiles/cmTC_f04b7.dir/build.make:103: recipe for target 'cmTC_f04b7' failed
make[1]: *** [cmTC_f04b7] Error 1
make[1]: Leaving directory '/home/chengen/桌面/Real-Time-Systems/lab2/Sec4-4/cmake/build/CMakeFiles/CMakeTmp'
Makefile:138: recipe for target 'cmTC_f04b7/fast' failed
make: *** [cmTC_f04b7/fast] Error 2


Source file was:
#include <pthread.h>

void* test_func(void* data)
{
  return data;
}

int main(void)
{
  pthread_t thread;
  pthread_create(&thread, NULL, test_func, NULL);
  pthread_detach(thread);
  pthread_cancel(thread);
  pthread_join(thread, NULL);
  pthread_atfork(NULL, NULL, NULL);
  pthread_exit(NULL);

  return 0;
}

Determining if the function pthread_create exists in the pthreads failed with the following output:
Change Dir: /home/chengen/桌面/Real-Time-Systems/lab2/Sec4-4/cmake/build/CMakeFiles/CMakeTmp

Run Build Command(s):/usr/bin/make cmTC_eaff3/fast && /usr/bin/make -f CMakeFiles/cmTC_eaff3.dir/build.make CMakeFiles/cmTC_eaff3.dir/build
make[1]: Entering directory '/home/chengen/桌面/Real-Time-Systems/lab2/Sec4-4/cmake/build/CMakeFiles/CMakeTmp'
Building C object CMakeFiles/cmTC_eaff3.dir/CheckFunctionExists.c.o
/usr/bin/cc   -DCHECK_FUNCTION_EXISTS=pthread_create   -o CMakeFiles/cmTC_eaff3.dir/CheckFunctionExists.c.o   -c /home/chengen/local/share/cmake-3.17/Modules/CheckFunctionExists.c
Linking C executable cmTC_eaff3
/home/chengen/local/bin/cmake -E cmake_link_script CMakeFiles/cmTC_eaff3.dir/link.txt --verbose=1
/usr/bin/cc  -DCHECK_FUNCTION_EXISTS=pthread_create    CMakeFiles/cmTC_eaff3.dir/CheckFunctionExists.c.o  -o cmTC_eaff3  -lpthreads 
/usr/bin/ld: 找不到 -lpthreads
collect2: error: ld returned 1 exit status
CMakeFiles/cmTC_eaff3.dir/build.make:103: recipe for target 'cmTC_eaff3' failed
make[1]: *** [cmTC_eaff3] Error 1
make[1]: Leaving directory '/home/chengen/桌面/Real-Time-Systems/lab2/Sec4-4/cmake/build/CMakeFiles/CMakeTmp'
Makefile:138: recipe for target 'cmTC_eaff3/fast' failed
make: *** [cmTC_eaff3/fast] Error 2



