Performing C SOURCE FILE Test CMAKE_HAVE_LIBC_PTHREAD failed with the following output:
Change Dir: /home/chengen/桌面/csc9006/lab2/exampleAnswers/sec4-7/cmake/build/CMakeFiles/CMakeTmp

Run Build Command(s):/usr/bin/make cmTC_e7046/fast && /usr/bin/make -f CMakeFiles/cmTC_e7046.dir/build.make CMakeFiles/cmTC_e7046.dir/build
make[1]: Entering directory '/home/chengen/桌面/csc9006/lab2/exampleAnswers/sec4-7/cmake/build/CMakeFiles/CMakeTmp'
Building C object CMakeFiles/cmTC_e7046.dir/src.c.o
/usr/bin/cc   -DCMAKE_HAVE_LIBC_PTHREAD   -o CMakeFiles/cmTC_e7046.dir/src.c.o   -c /home/chengen/桌面/csc9006/lab2/exampleAnswers/sec4-7/cmake/build/CMakeFiles/CMakeTmp/src.c
Linking C executable cmTC_e7046
/home/chengen/local/bin/cmake -E cmake_link_script CMakeFiles/cmTC_e7046.dir/link.txt --verbose=1
/usr/bin/cc  -DCMAKE_HAVE_LIBC_PTHREAD    CMakeFiles/cmTC_e7046.dir/src.c.o  -o cmTC_e7046 
CMakeFiles/cmTC_e7046.dir/src.c.o: 於函式 main:
src.c:(.text+0x3e): 未定義參考到 pthread_create
src.c:(.text+0x4a): 未定義參考到 pthread_detach
src.c:(.text+0x56): 未定義參考到 pthread_cancel
src.c:(.text+0x67): 未定義參考到 pthread_join
src.c:(.text+0x7b): 未定義參考到 pthread_atfork
collect2: error: ld returned 1 exit status
CMakeFiles/cmTC_e7046.dir/build.make:103: recipe for target 'cmTC_e7046' failed
make[1]: *** [cmTC_e7046] Error 1
make[1]: Leaving directory '/home/chengen/桌面/csc9006/lab2/exampleAnswers/sec4-7/cmake/build/CMakeFiles/CMakeTmp'
Makefile:138: recipe for target 'cmTC_e7046/fast' failed
make: *** [cmTC_e7046/fast] Error 2


Source file was:
#include <pthread.h>

void* test_func(void* data)
{
  return data;
}

int main(void)
{
  pthread_t thread;
  pthread_create(&thread, NULL, test_func, NULL);
  pthread_detach(thread);
  pthread_cancel(thread);
  pthread_join(thread, NULL);
  pthread_atfork(NULL, NULL, NULL);
  pthread_exit(NULL);

  return 0;
}

Determining if the function pthread_create exists in the pthreads failed with the following output:
Change Dir: /home/chengen/桌面/csc9006/lab2/exampleAnswers/sec4-7/cmake/build/CMakeFiles/CMakeTmp

Run Build Command(s):/usr/bin/make cmTC_c1eed/fast && /usr/bin/make -f CMakeFiles/cmTC_c1eed.dir/build.make CMakeFiles/cmTC_c1eed.dir/build
make[1]: Entering directory '/home/chengen/桌面/csc9006/lab2/exampleAnswers/sec4-7/cmake/build/CMakeFiles/CMakeTmp'
Building C object CMakeFiles/cmTC_c1eed.dir/CheckFunctionExists.c.o
/usr/bin/cc   -DCHECK_FUNCTION_EXISTS=pthread_create   -o CMakeFiles/cmTC_c1eed.dir/CheckFunctionExists.c.o   -c /home/chengen/local/share/cmake-3.17/Modules/CheckFunctionExists.c
Linking C executable cmTC_c1eed
/home/chengen/local/bin/cmake -E cmake_link_script CMakeFiles/cmTC_c1eed.dir/link.txt --verbose=1
/usr/bin/cc  -DCHECK_FUNCTION_EXISTS=pthread_create    CMakeFiles/cmTC_c1eed.dir/CheckFunctionExists.c.o  -o cmTC_c1eed  -lpthreads 
/usr/bin/ld: 找不到 -lpthreads
collect2: error: ld returned 1 exit status
CMakeFiles/cmTC_c1eed.dir/build.make:103: recipe for target 'cmTC_c1eed' failed
make[1]: *** [cmTC_c1eed] Error 1
make[1]: Leaving directory '/home/chengen/桌面/csc9006/lab2/exampleAnswers/sec4-7/cmake/build/CMakeFiles/CMakeTmp'
Makefile:138: recipe for target 'cmTC_c1eed/fast' failed
make: *** [cmTC_c1eed/fast] Error 2



